<?xml version="1.0" encoding="UTF-8"?>
<testng-results ignored="0" total="1" passed="1" failed="0" skipped="0">
  <reporter-output>
  </reporter-output>
  <suite started-at="2023-11-18T11:17:10 IST" name="Default suite" finished-at="2023-11-18T11:19:05 IST" duration-ms="114698">
    <groups>
    </groups>
    <test started-at="2023-11-18T11:17:10 IST" name="Default test" finished-at="2023-11-18T11:19:05 IST" duration-ms="114698">
      <class name="POM.contactbasePage">
        <test-method signature="contact()[pri:0, instance:POM.contactbasePage@6fd83fc1]" started-at="2023-11-18T11:17:10 IST" name="contact" finished-at="2023-11-18T11:19:05 IST" duration-ms="114636" status="PASS">
          <reporter-output>
          </reporter-output>
        </test-method> <!-- contact -->
      </class> <!-- POM.contactbasePage -->
    </test> <!-- Default test -->
  </suite> <!-- Default suite -->
</testng-results>
